app/proguard-rules.pro
-keep class com.androidplot.** { *; }

-assumenosideeffects class android.util.Log {
    public static boolean isLoggable(java.lang.String, int);
    public static int d(...);
    public static int w(...);
    public static int v(...);
    public static int i(...);
}