app/build/outputs/mapping/release/mapping.txt
# compiler: R8
# compiler_version: 1.5.69
# min_api: 19
# pg_map_id: cc30be8
com.khs.spcmeasure.Globals -> b.d.a.a:
    java.lang.String username -> f
    com.khs.spcmeasure.Globals instance -> g
    boolean canMeasure -> e
    boolean versionOk -> a
    int latestCode -> b
    java.lang.String latestName -> c
    boolean loggedIn -> d
    com.khs.spcmeasure.Globals getInstance() -> a
com.khs.spcmeasure.dao.FeatureDao -> b.d.a.b.a:
    android.content.Context mContext -> a
    com.khs.spcmeasure.helper.DBAdapter db -> b
    1:1:void com.khs.spcmeasure.helper.DBAdapter.close():0:0 -> a
    1:1:com.khs.spcmeasure.entity.Feature getFeature(long,long):0 -> a
    2:2:com.khs.spcmeasure.entity.Feature getFeature(long,long):0:0 -> a
    3:3:void com.khs.spcmeasure.helper.DBAdapter.close():0:0 -> a
    3:3:com.khs.spcmeasure.entity.Feature getFeature(long,long):0 -> a
    4:4:com.khs.spcmeasure.entity.Feature getFeature(long,long):0:0 -> a
    5:5:void com.khs.spcmeasure.helper.DBAdapter.close():0:0 -> a
    5:5:java.util.List getFeaturesByPieceId(long):0 -> a
    6:6:java.util.List getFeaturesByPieceId(long):0:0 -> a
    7:7:void com.khs.spcmeasure.helper.DBAdapter.close():0:0 -> a
    7:7:java.util.List getFeaturesByPieceId(long):0 -> a
    8:8:java.util.List getFeaturesByPieceId(long):0:0 -> a
    9:9:void com.khs.spcmeasure.helper.DBAdapter.close():0:0 -> a
    9:9:java.util.List getFeaturesByProdIdActive(long,boolean):0 -> a
    10:10:java.util.List getFeaturesByProdIdActive(long,boolean):0:0 -> a
    11:11:void com.khs.spcmeasure.helper.DBAdapter.close():0:0 -> a
    11:11:java.util.List getFeaturesByProdIdActive(long,boolean):0 -> a
    12:12:java.util.List getFeaturesByProdIdActive(long,boolean):0:0 -> a
com.khs.spcmeasure.dao.LimitsDao -> b.d.a.b.b:
    android.content.Context mContext -> a
    com.khs.spcmeasure.helper.DBAdapter db -> b
    1:1:void com.khs.spcmeasure.helper.DBAdapter.close():0:0 -> a
    1:1:com.khs.spcmeasure.entity.Limits getLimit(long,long,long,com.khs.spcmeasure.library.LimitType):0 -> a
    2:2:com.khs.spcmeasure.entity.Limits getLimit(long,long,long,com.khs.spcmeasure.library.LimitType):0:0 -> a
    3:3:void com.khs.spcmeasure.helper.DBAdapter.close():0:0 -> a
    3:3:com.khs.spcmeasure.entity.Limits getLimit(long,long,long,com.khs.spcmeasure.library.LimitType):0 -> a
    4:4:com.khs.spcmeasure.entity.Limits getLimit(long,long,long,com.khs.spcmeasure.library.LimitType):0:0 -> a
com.khs.spcmeasure.dao.MeasurementDao -> b.d.a.b.c:
    android.content.Context mContext -> a
    com.khs.spcmeasure.helper.DBAdapter db -> b
    1:1:java.lang.Long com.khs.spcmeasure.entity.Measurement.getId():0:0 -> a
    1:1:boolean deleteMeasurement(com.khs.spcmeasure.entity.Measurement):0 -> a
    2:2:boolean deleteMeasurement(com.khs.spcmeasure.entity.Measurement):0:0 -> a
    3:3:java.lang.Long com.khs.spcmeasure.entity.Measurement.getId():0:0 -> a
    3:3:boolean deleteMeasurement(com.khs.spcmeasure.entity.Measurement):0 -> a
    4:4:boolean deleteMeasurement(com.khs.spcmeasure.entity.Measurement):0:0 -> a
    5:5:void com.khs.spcmeasure.helper.DBAdapter.close():0:0 -> a
    5:5:boolean deleteMeasurement(com.khs.spcmeasure.entity.Measurement):0 -> a
    6:6:boolean deleteMeasurement(com.khs.spcmeasure.entity.Measurement):0:0 -> a
    7:7:void com.khs.spcmeasure.helper.DBAdapter.close():0:0 -> a
    7:7:boolean deleteMeasurement(com.khs.spcmeasure.entity.Measurement):0 -> a
    8:8:boolean deleteMeasurement(com.khs.spcmeasure.entity.Measurement):0:0 -> a
    9:9:void com.khs.spcmeasure.helper.DBAdapter.close():0:0 -> a
    9:9:boolean deleteMeasurement(com.khs.spcmeasure.entity.Measurement):0 -> a
    10:10:boolean deleteMeasurement(com.khs.spcmeasure.entity.Measurement):0:0 -> a
    11:11:void com.khs.spcmeasure.helper.DBAdapter.close():0:0 -> a
    11:11:com.khs.spcmeasure.entity.Measurement getMeasurement(long,long,long):0 -> a
...
android.support.v4.view.ViewPropertyAnimatorCompat$JBMr2ViewPropertyAnimatorCompatImpl -> a.a.a.h.a0$c:
android.support.v4.view.ViewPropertyAnimatorCompat$JBViewPropertyAnimatorCompatImpl -> a.a.a.h.a0$d:
    1:1:void android.support.v4.view.ViewPropertyAnimatorCompatJB.setListener(android.view.View,android.support.v4.view.ViewPropertyAnimatorListener):0:0 -> a
    1:1:void setListener(android.support.v4.view.ViewPropertyAnimatorCompat,android.view.View,android.support.v4.view.ViewPropertyAnimatorListener):0 -> a
android.support.v4.view.ViewPropertyAnimatorCompat$KitKatViewPropertyAnimatorCompatImpl -> a.a.a.h.a0$e:
android.support.v4.view.ViewPropertyAnimatorCompat$LollipopViewPropertyAnimatorCompatImpl -> a.a.a.h.a0$f:
android.support.v4.view.ViewPropertyAnimatorCompat$ViewPropertyAnimatorCompatImpl -> a.a.a.h.a0$g:
    void cancel(android.support.v4.view.ViewPropertyAnimatorCompat,android.view.View) -> a
    void setListener(android.support.v4.view.ViewPropertyAnimatorCompat,android.view.View,android.support.v4.view.ViewPropertyAnimatorListener) -> a
    void translationY(android.support.v4.view.ViewPropertyAnimatorCompat,android.view.View,float) -> a
android.support.v4.view.ViewPropertyAnimatorCompatJB$1 -> a.a.a.h.b0:
    android.view.View val$view -> b
    android.support.v4.view.ViewPropertyAnimatorListener val$listener -> a
android.support.v4.view.ViewPropertyAnimatorListener -> a.a.a.h.c0:
    void onAnimationEnd(android.view.View) -> a
    void onAnimationStart(android.view.View) -> b
    void onAnimationCancel(android.view.View) -> c
android.support.v4.view.ViewPropertyAnimatorListenerAdapter -> a.a.a.h.d0:
    void onAnimationStart(android.view.View) -> b
android.support.v4.view.accessibility.AccessibilityEventCompat -> a.a.a.h.e0.a:
    android.support.v4.view.accessibility.AccessibilityRecordCompat asRecord(android.view.accessibility.AccessibilityEvent) -> a
android.support.v4.view.accessibility.AccessibilityNodeInfoCompat -> a.a.a.h.e0.b:
    android.support.v4.view.accessibility.AccessibilityNodeInfoCompat$AccessibilityNodeInfoImpl IMPL -> b
    java.lang.Object mInfo -> a
    void addAction(int) -> a
    1:1:void getBoundsInParent(android.graphics.Rect):0:0 -> toString
    1:1:java.lang.String toString():0 -> toString
    2:2:java.lang.String toString():0:0 -> toString
    3:3:void getBoundsInScreen(android.graphics.Rect):0:0 -> toString
    3:3:java.lang.String toString():0 -> toString
    4:4:java.lang.String toString():0:0 -> toString
    5:5:java.lang.CharSequence getPackageName():0:0 -> toString
    5:5:java.lang.String toString():0 -> toString
    6:6:java.lang.String toString():0:0 -> toString
    7:7:java.lang.CharSequence getClassName():0:0 -> toString
    7:7:java.lang.String toString():0 -> toString
    8:8:java.lang.String toString():0:0 -> toString
    9:9:java.lang.CharSequence getText():0:0 -> toString
    9:9:java.lang.String toString():0 -> toString
    10:10:java.lang.String toString():0:0 -> toString
    11:11:java.lang.CharSequence getContentDescription():0:0 -> toString
    11:11:java.lang.String toString():0 -> toString
    12:12:java.lang.String toString():0:0 -> toString
    13:13:java.lang.String getViewIdResourceName():0:0 -> toString
    13:13:java.lang.String toString():0 -> toString
    14:14:java.lang.String toString():0:0 -> toString
    15:15:boolean isCheckable():0:0 -> toString
android.support.v4.view.accessibility.AccessibilityNodeInfoCompat$AccessibilityNodeInfoApi21Impl -> a.a.a.h.e0.b$a:
android.support.v4.view.accessibility.AccessibilityNodeInfoCompat$AccessibilityNodeInfoApi22Impl -> a.a.a.h.e0.b$b: